0 info it worked if it ends with ok
1 verbose cli [ 'C:\\Program Files\\nodejs\\node.exe',
1 verbose cli   'C:\\Program Files\\nodejs\\node_modules\\npm\\bin\\npm-cli.js',
1 verbose cli   'publish' ]
2 info using npm@3.10.9
3 info using node@v7.1.0
4 verbose publish [ '.' ]
5 silly cache add args [ '.', null ]
6 verbose cache add spec .
7 silly cache add parsed spec Result {
7 silly cache add   raw: '.',
7 silly cache add   scope: null,
7 silly cache add   escapedName: null,
7 silly cache add   name: null,
7 silly cache add   rawSpec: '.',
7 silly cache add   spec: 'C:\\git\\Repos\\guppy-pre-flow-feature-finish',
7 silly cache add   type: 'directory' }
8 verbose addLocalDirectory C:\npm-cache\guppy-pre-flow-feature-finish\1.0.0\package.tgz not in flight; packing
9 verbose correctMkdir C:\npm-cache correctMkdir not in flight; initializing
10 info lifecycle guppy-pre-flow-feature-finish@1.0.0~prepublish: guppy-pre-flow-feature-finish@1.0.0
11 silly lifecycle guppy-pre-flow-feature-finish@1.0.0~prepublish: no script for prepublish, continuing
12 verbose tar pack [ 'C:\\npm-cache\\guppy-pre-flow-feature-finish\\1.0.0\\package.tgz',
12 verbose tar pack   'C:\\git\\Repos\\guppy-pre-flow-feature-finish' ]
13 verbose tarball C:\npm-cache\guppy-pre-flow-feature-finish\1.0.0\package.tgz
14 verbose folder C:\git\Repos\guppy-pre-flow-feature-finish
15 verbose addLocalTarball adding from inside cache C:\npm-cache\guppy-pre-flow-feature-finish\1.0.0\package.tgz
16 verbose correctMkdir C:\npm-cache correctMkdir not in flight; initializing
17 silly cache afterAdd guppy-pre-flow-feature-finish@1.0.0
18 verbose afterAdd C:\npm-cache\guppy-pre-flow-feature-finish\1.0.0\package\package.json not in flight; writing
19 verbose correctMkdir C:\npm-cache correctMkdir not in flight; initializing
20 verbose afterAdd C:\npm-cache\guppy-pre-flow-feature-finish\1.0.0\package\package.json written
21 silly publish { name: 'guppy-pre-flow-feature-finish',
21 silly publish   version: '1.0.0',
21 silly publish   description: 'Installs a pre-flow-feature-finish git-hook only, for guppy packages',
21 silly publish   main: 'index.js',
21 silly publish   scripts:
21 silly publish    { test: 'echo "Error: no test specified" && exit 1',
21 silly publish      postinstall: 'guppy pre-flow-feature-finish' },
21 silly publish   repository:
21 silly publish    { type: 'git',
21 silly publish      url: 'git+https://github.com/EvtK/guppy-pre-flow-feature-finish.git' },
21 silly publish   keywords: [ 'guppy', 'git-guppy', 'guppy-hook', 'pre-flow-feature-finish' ],
21 silly publish   author:
21 silly publish    { name: 'Erik van \'t Klooster',
21 silly publish      url: 'https://github.com/EvtK' },
21 silly publish   license: 'MIT',
21 silly publish   bugs: { url: 'https://github.com/EvtK/guppy-pre-flow-feature-finish/issues' },
21 silly publish   homepage: 'https://github.com/EvtK/guppy-pre-flow-feature-finish',
21 silly publish   dependencies: { 'git-guppy': 'git+https://git@github.com/EvtK/git-guppy.git' },
21 silly publish   gitHead: '13bce0ea0efa83b507130afa7955a5509619c04f',
21 silly publish   readme: 'ERROR: No README data found!',
21 silly publish   _id: 'guppy-pre-flow-feature-finish@1.0.0',
21 silly publish   _shasum: '80404f398b1dd009a0fec85dc5843f16e464b732',
21 silly publish   _from: '.' }
22 verbose getPublishConfig undefined
23 silly mapToRegistry name guppy-pre-flow-feature-finish
24 silly mapToRegistry using default registry
25 silly mapToRegistry registry https://registry.npmjs.org/
26 silly mapToRegistry data Result {
26 silly mapToRegistry   raw: 'guppy-pre-flow-feature-finish',
26 silly mapToRegistry   scope: null,
26 silly mapToRegistry   escapedName: 'guppy-pre-flow-feature-finish',
26 silly mapToRegistry   name: 'guppy-pre-flow-feature-finish',
26 silly mapToRegistry   rawSpec: '',
26 silly mapToRegistry   spec: 'latest',
26 silly mapToRegistry   type: 'tag' }
27 silly mapToRegistry uri https://registry.npmjs.org/guppy-pre-flow-feature-finish
28 verbose publish registryBase https://registry.npmjs.org/
29 silly publish uploading C:\npm-cache\guppy-pre-flow-feature-finish\1.0.0\package.tgz
30 verbose request uri https://registry.npmjs.org/guppy-pre-flow-feature-finish
31 verbose request sending authorization for write operation
32 info attempt registry request try #1 at 1:44:59 PM
33 verbose request using bearer token for auth
34 verbose request id e07f3307d30f301b
35 http request PUT https://registry.npmjs.org/guppy-pre-flow-feature-finish
36 http 403 https://registry.npmjs.org/guppy-pre-flow-feature-finish
37 verbose headers { 'content-type': 'application/json',
37 verbose headers   'cache-control': 'max-age=300',
37 verbose headers   'content-length': '95',
37 verbose headers   'accept-ranges': 'bytes',
37 verbose headers   date: 'Mon, 13 Feb 2017 12:45:00 GMT',
37 verbose headers   via: '1.1 varnish',
37 verbose headers   connection: 'close',
37 verbose headers   'x-served-by': 'cache-lax8632-LAX',
37 verbose headers   'x-cache': 'MISS',
37 verbose headers   'x-cache-hits': '0',
37 verbose headers   'x-timer': 'S1486989900.189863,VS0,VE198',
37 verbose headers   vary: 'Accept-Encoding' }
38 verbose request invalidating C:\npm-cache\registry.npmjs.org\guppy-pre-flow-feature-finish on PUT
39 error publish Failed PUT 403
40 verbose stack Error: "You cannot publish over the previously published version 1.0.0." : guppy-pre-flow-feature-finish
40 verbose stack     at makeError (C:\Program Files\nodejs\node_modules\npm\node_modules\npm-registry-client\lib\request.js:302:12)
40 verbose stack     at CachingRegistryClient.<anonymous> (C:\Program Files\nodejs\node_modules\npm\node_modules\npm-registry-client\lib\request.js:290:14)
40 verbose stack     at Request._callback (C:\Program Files\nodejs\node_modules\npm\node_modules\npm-registry-client\lib\request.js:210:14)
40 verbose stack     at Request.self.callback (C:\Program Files\nodejs\node_modules\npm\node_modules\request\request.js:187:22)
40 verbose stack     at emitTwo (events.js:106:13)
40 verbose stack     at Request.emit (events.js:191:7)
40 verbose stack     at Request.<anonymous> (C:\Program Files\nodejs\node_modules\npm\node_modules\request\request.js:1048:10)
40 verbose stack     at emitOne (events.js:96:13)
40 verbose stack     at Request.emit (events.js:188:7)
40 verbose stack     at IncomingMessage.<anonymous> (C:\Program Files\nodejs\node_modules\npm\node_modules\request\request.js:969:12)
41 verbose statusCode 403
42 verbose pkgid guppy-pre-flow-feature-finish
43 verbose cwd C:\git\Repos\guppy-pre-flow-feature-finish
44 error Windows_NT 6.3.9600
45 error argv "C:\\Program Files\\nodejs\\node.exe" "C:\\Program Files\\nodejs\\node_modules\\npm\\bin\\npm-cli.js" "publish"
46 error node v7.1.0
47 error npm  v3.10.9
48 error code E403
49 error "You cannot publish over the previously published version 1.0.0." : guppy-pre-flow-feature-finish
50 error If you need help, you may report this error at:
50 error     <https://github.com/npm/npm/issues>
51 verbose exit [ 1, true ]
